# JRE version: Java(TM) SE Runtime Environment (7.0_51-b13) (build 1.7.0_51-b13)
# Java VM: Java HotSpot(TM) 64-Bit Server VM (24.51-b03 mixed mode linux-amd64 compressed oops)
Heap
 PSYoungGen      total 48640K, used 30958K [0x00000000e2f00000, 0x00000000eb300000, 0x0000000100000000)
  eden space 45056K, 60% used [0x00000000e2f00000,0x00000000e49bf0d0,0x00000000e5b00000)
  from space 3584K, 99% used [0x00000000e5b00000,0x00000000e5e7ca00,0x00000000e5e80000)
  to   space 22528K, 0% used [0x00000000e9d00000,0x00000000e9d00000,0x00000000eb300000)
 ParOldGen       total 59392K, used 23837K [0x00000000a8e00000, 0x00000000ac800000, 0x00000000e2f00000)
  object space 59392K, 40% used [0x00000000a8e00000,0x00000000aa547588,0x00000000ac800000)
 PSPermGen       total 22016K, used 21970K [0x00000000a3c00000, 0x00000000a5180000, 0x00000000a8e00000)
  object space 22016K, 99% used [0x00000000a3c00000,0x00000000a51749b8,0x00000000a5180000)
GC Heap History (10 events):
Event: 2.487 GC heap before
{Heap before GC invocations=1 (full 0):
 PSYoungGen      total 26112K, used 22528K [0x00000000e2f00000, 0x00000000e4c00000, 0x0000000100000000)
  eden space 22528K, 100% used [0x00000000e2f00000,0x00000000e4500000,0x00000000e4500000)
  from space 3584K, 0% used [0x00000000e4880000,0x00000000e4880000,0x00000000e4c00000)
  to   space 3584K, 0% used [0x00000000e4500000,0x00000000e4500000,0x00000000e4880000)
 ParOldGen       total 59392K, used 0K [0x00000000a8e00000, 0x00000000ac800000, 0x00000000e2f00000)
  object space 59392K, 0% used [0x00000000a8e00000,0x00000000a8e00000,0x00000000ac800000)
 PSPermGen       total 21504K, used 13665K [0x00000000a3c00000, 0x00000000a5100000, 0x00000000a8e00000)
  object space 21504K, 63% used [0x00000000a3c00000,0x00000000a49584d8,0x00000000a5100000)
Event: 2.497 GC heap after
Heap after GC invocations=1 (full 0):
 PSYoungGen      total 26112K, used 3525K [0x00000000e2f00000, 0x00000000e4c00000, 0x0000000100000000)
  eden space 22528K, 0% used [0x00000000e2f00000,0x00000000e2f00000,0x00000000e4500000)
  from space 3584K, 98% used [0x00000000e4500000,0x00000000e4871610,0x00000000e4880000)
  to   space 3584K, 0% used [0x00000000e4880000,0x00000000e4880000,0x00000000e4c00000)
 ParOldGen       total 59392K, used 8K [0x00000000a8e00000, 0x00000000ac800000, 0x00000000e2f00000)
  object space 59392K, 0% used [0x00000000a8e00000,0x00000000a8e02000,0x00000000ac800000)
 PSPermGen       total 21504K, used 13665K [0x00000000a3c00000, 0x00000000a5100000, 0x00000000a8e00000)
  object space 21504K, 63% used [0x00000000a3c00000,0x00000000a49584d8,0x00000000a5100000)
}
Event: 4.677 GC heap before
{Heap before GC invocations=2 (full 0):
 PSYoungGen      total 26112K, used 26053K [0x00000000e2f00000, 0x00000000e4c00000, 0x0000000100000000)
  eden space 22528K, 100% used [0x00000000e2f00000,0x00000000e4500000,0x00000000e4500000)
  from space 3584K, 98% used [0x00000000e4500000,0x00000000e4871610,0x00000000e4880000)
  to   space 3584K, 0% used [0x00000000e4880000,0x00000000e4880000,0x00000000e4c00000)
 ParOldGen       total 59392K, used 8K [0x00000000a8e00000, 0x00000000ac800000, 0x00000000e2f00000)
  object space 59392K, 0% used [0x00000000a8e00000,0x00000000a8e02000,0x00000000ac800000)
 PSPermGen       total 21504K, used 20491K [0x00000000a3c00000, 0x00000000a5100000, 0x00000000a8e00000)
  object space 21504K, 95% used [0x00000000a3c00000,0x00000000a5002d08,0x00000000a5100000)
Event: 4.688 GC heap after
Heap after GC invocations=2 (full 0):
 PSYoungGen      total 26112K, used 3570K [0x00000000e2f00000, 0x00000000e4c00000, 0x0000000100000000)
  eden space 22528K, 0% used [0x00000000e2f00000,0x00000000e2f00000,0x00000000e4500000)
  from space 3584K, 99% used [0x00000000e4880000,0x00000000e4bfca30,0x00000000e4c00000)
  to   space 3584K, 0% used [0x00000000e4500000,0x00000000e4500000,0x00000000e4880000)
 ParOldGen       total 59392K, used 4047K [0x00000000a8e00000, 0x00000000ac800000, 0x00000000e2f00000)
  object space 59392K, 6% used [0x00000000a8e00000,0x00000000a91f3df0,0x00000000ac800000)
 PSPermGen       total 21504K, used 20491K [0x00000000a3c00000, 0x00000000a5100000, 0x00000000a8e00000)
  object space 21504K, 95% used [0x00000000a3c00000,0x00000000a5002d08,0x00000000a5100000)
}
Event: 5.015 GC heap before
{Heap before GC invocations=3 (full 0):
 PSYoungGen      total 26112K, used 26098K [0x00000000e2f00000, 0x00000000e4c00000, 0x0000000100000000)
  eden space 22528K, 100% used [0x00000000e2f00000,0x00000000e4500000,0x00000000e4500000)
  from space 3584K, 99% used [0x00000000e4880000,0x00000000e4bfca30,0x00000000e4c00000)
  to   space 3584K, 0% used [0x00000000e4500000,0x00000000e4500000,0x00000000e4880000)
 ParOldGen       total 59392K, used 4047K [0x00000000a8e00000, 0x00000000ac800000, 0x00000000e2f00000)
  object space 59392K, 6% used [0x00000000a8e00000,0x00000000a91f3df0,0x00000000ac800000)
 PSPermGen       total 21504K, used 21172K [0x00000000a3c00000, 0x00000000a5100000, 0x00000000a8e00000)
  object space 21504K, 98% used [0x00000000a3c00000,0x00000000a50ad2b0,0x00000000a5100000)
Event: 5.031 GC heap after
Heap after GC invocations=3 (full 0):
 PSYoungGen      total 26112K, used 3570K [0x00000000e2f00000, 0x00000000e6200000, 0x0000000100000000)
  eden space 22528K, 0% used [0x00000000e2f00000,0x00000000e2f00000,0x00000000e4500000)
  from space 3584K, 99% used [0x00000000e4500000,0x00000000e487ca00,0x00000000e4880000)
  to   space 3584K, 0% used [0x00000000e5e80000,0x00000000e5e80000,0x00000000e6200000)
 ParOldGen       total 59392K, used 23311K [0x00000000a8e00000, 0x00000000ac800000, 0x00000000e2f00000)
  object space 59392K, 39% used [0x00000000a8e00000,0x00000000aa4c3d38,0x00000000ac800000)
 PSPermGen       total 21504K, used 21172K [0x00000000a3c00000, 0x00000000a5100000, 0x00000000a8e00000)
  object space 21504K, 98% used [0x00000000a3c00000,0x00000000a50ad2b0,0x00000000a5100000)
}
Event: 5.208 GC heap before
{Heap before GC invocations=4 (full 0):
 PSYoungGen      total 26112K, used 26096K [0x00000000e2f00000, 0x00000000e6200000, 0x0000000100000000)
  eden space 22528K, 99% used [0x00000000e2f00000,0x00000000e44ff6c0,0x00000000e4500000)
  from space 3584K, 99% used [0x00000000e4500000,0x00000000e487ca00,0x00000000e4880000)
  to   space 3584K, 0% used [0x00000000e5e80000,0x00000000e5e80000,0x00000000e6200000)
 ParOldGen       total 59392K, used 23311K [0x00000000a8e00000, 0x00000000ac800000, 0x00000000e2f00000)
  object space 59392K, 39% used [0x00000000a8e00000,0x00000000aa4c3d38,0x00000000ac800000)
 PSPermGen       total 21504K, used 21181K [0x00000000a3c00000, 0x00000000a5100000, 0x00000000a8e00000)
  object space 21504K, 98% used [0x00000000a3c00000,0x00000000a50af410,0x00000000a5100000)
Event: 5.218 GC heap after
Heap after GC invocations=4 (full 0):
 PSYoungGen      total 48640K, used 3554K [0x00000000e2f00000, 0x00000000e6200000, 0x0000000100000000)
  eden space 45056K, 0% used [0x00000000e2f00000,0x00000000e2f00000,0x00000000e5b00000)
  from space 3584K, 99% used [0x00000000e5e80000,0x00000000e61f89f0,0x00000000e6200000)
  to   space 3584K, 0% used [0x00000000e5b00000,0x00000000e5b00000,0x00000000e5e80000)
 ParOldGen       total 59392K, used 23463K [0x00000000a8e00000, 0x00000000ac800000, 0x00000000e2f00000)
  object space 59392K, 39% used [0x00000000a8e00000,0x00000000aa4e9d38,0x00000000ac800000)
 PSPermGen       total 21504K, used 21181K [0x00000000a3c00000, 0x00000000a5100000, 0x00000000a8e00000)
  object space 21504K, 98% used [0x00000000a3c00000,0x00000000a50af410,0x00000000a5100000)
}
Event: 5.627 GC heap before
{Heap before GC invocations=5 (full 0):
 PSYoungGen      total 48640K, used 48610K [0x00000000e2f00000, 0x00000000e6200000, 0x0000000100000000)
  eden space 45056K, 100% used [0x00000000e2f00000,0x00000000e5b00000,0x00000000e5b00000)
  from space 3584K, 99% used [0x00000000e5e80000,0x00000000e61f89f0,0x00000000e6200000)
  to   space 3584K, 0% used [0x00000000e5b00000,0x00000000e5b00000,0x00000000e5e80000)
 ParOldGen       total 59392K, used 23463K [0x00000000a8e00000, 0x00000000ac800000, 0x00000000e2f00000)
  object space 59392K, 39% used [0x00000000a8e00000,0x00000000aa4e9d38,0x00000000ac800000)
 PSPermGen       total 21504K, used 21181K [0x00000000a3c00000, 0x00000000a5100000, 0x00000000a8e00000)
  object space 21504K, 98% used [0x00000000a3c00000,0x00000000a50af410,0x00000000a5100000)
Event: 5.634 GC heap after
Heap after GC invocations=5 (full 0):
 PSYoungGen      total 48640K, used 3570K [0x00000000e2f00000, 0x00000000eb300000, 0x0000000100000000)
  eden space 45056K, 0% used [0x00000000e2f00000,0x00000000e2f00000,0x00000000e5b00000)
  from space 3584K, 99% used [0x00000000e5b00000,0x00000000e5e7ca00,0x00000000e5e80000)
  to   space 22528K, 0% used [0x00000000e9d00000,0x00000000e9d00000,0x00000000eb300000)
 ParOldGen       total 59392K, used 23837K [0x00000000a8e00000, 0x00000000ac800000, 0x00000000e2f00000)
  object space 59392K, 40% used [0x00000000a8e00000,0x00000000aa547588,0x00000000ac800000)
 PSPermGen       total 21504K, used 21181K [0x00000000a3c00000, 0x00000000a5100000, 0x00000000a8e00000)
  object space 21504K, 98% used [0x00000000a3c00000,0x00000000a50af410,0x00000000a5100000)
}

