# JRE version: Java(TM) SE Runtime Environment (7.0_51-b13) (build 1.7.0_51-b13)
# Java VM: Java HotSpot(TM) 64-Bit Server VM (24.51-b03 mixed mode linux-amd64 compressed oops)
Heap
 PSYoungGen      total 239104K, used 103189K [0x00000000e2f00000, 0x00000000faa80000, 0x0000000100000000)
  eden space 227328K, 45% used [0x00000000e2f00000,0x00000000e93855e0,0x00000000f0d00000)
  from space 11776K, 2% used [0x00000000f0d00000,0x00000000f0d40000,0x00000000f1880000)
  to   space 12288K, 0% used [0x00000000f9e80000,0x00000000f9e80000,0x00000000faa80000)
 ParOldGen       total 59392K, used 45384K [0x00000000a8e00000, 0x00000000ac800000, 0x00000000e2f00000)
  object space 59392K, 76% used [0x00000000a8e00000,0x00000000aba523c0,0x00000000ac800000)
 PSPermGen       total 24064K, used 23912K [0x00000000a3c00000, 0x00000000a5380000, 0x00000000a8e00000)
  object space 24064K, 99% used [0x00000000a3c00000,0x00000000a535a260,0x00000000a5380000)
GC Heap History (10 events):
Event: 14.031 GC heap before
{Heap before GC invocations=9 (full 0):
 PSYoungGen      total 97280K, used 94158K [0x00000000e2f00000, 0x00000000e9700000, 0x0000000100000000)
  eden space 89088K, 100% used [0x00000000e2f00000,0x00000000e8600000,0x00000000e8600000)
  from space 8192K, 61% used [0x00000000e8f00000,0x00000000e93f3af0,0x00000000e9700000)
  to   space 8704K, 0% used [0x00000000e8600000,0x00000000e8600000,0x00000000e8e80000)
 ParOldGen       total 59392K, used 16492K [0x00000000a8e00000, 0x00000000ac800000, 0x00000000e2f00000)
  object space 59392K, 27% used [0x00000000a8e00000,0x00000000a9e1b3c8,0x00000000ac800000)
 PSPermGen       total 24064K, used 23630K [0x00000000a3c00000, 0x00000000a5380000, 0x00000000a8e00000)
  object space 24064K, 98% used [0x00000000a3c00000,0x00000000a5313bc8,0x00000000a5380000)
Event: 14.044 GC heap after
Heap after GC invocations=9 (full 0):
 PSYoungGen      total 97792K, used 8701K [0x00000000e2f00000, 0x00000000ed080000, 0x0000000100000000)
  eden space 89088K, 0% used [0x00000000e2f00000,0x00000000e2f00000,0x00000000e8600000)
  from space 8704K, 99% used [0x00000000e8600000,0x00000000e8e7f510,0x00000000e8e80000)
  to   space 11264K, 0% used [0x00000000ec580000,0x00000000ec580000,0x00000000ed080000)
 ParOldGen       total 59392K, used 19338K [0x00000000a8e00000, 0x00000000ac800000, 0x00000000e2f00000)
  object space 59392K, 32% used [0x00000000a8e00000,0x00000000aa0e2808,0x00000000ac800000)
 PSPermGen       total 24064K, used 23630K [0x00000000a3c00000, 0x00000000a5380000, 0x00000000a8e00000)
  object space 24064K, 98% used [0x00000000a3c00000,0x00000000a5313bc8,0x00000000a5380000)
}
Event: 14.432 GC heap before
{Heap before GC invocations=10 (full 0):
 PSYoungGen      total 97792K, used 97789K [0x00000000e2f00000, 0x00000000ed080000, 0x0000000100000000)
  eden space 89088K, 100% used [0x00000000e2f00000,0x00000000e8600000,0x00000000e8600000)
  from space 8704K, 99% used [0x00000000e8600000,0x00000000e8e7f510,0x00000000e8e80000)
  to   space 11264K, 0% used [0x00000000ec580000,0x00000000ec580000,0x00000000ed080000)
 ParOldGen       total 59392K, used 19338K [0x00000000a8e00000, 0x00000000ac800000, 0x00000000e2f00000)
  object space 59392K, 32% used [0x00000000a8e00000,0x00000000aa0e2808,0x00000000ac800000)
 PSPermGen       total 24064K, used 23693K [0x00000000a3c00000, 0x00000000a5380000, 0x00000000a8e00000)
  object space 24064K, 98% used [0x00000000a3c00000,0x00000000a5323740,0x00000000a5380000)
Event: 14.442 GC heap after
Heap after GC invocations=10 (full 0):
 PSYoungGen      total 153088K, used 10062K [0x00000000e2f00000, 0x00000000ed280000, 0x0000000100000000)
  eden space 141824K, 0% used [0x00000000e2f00000,0x00000000e2f00000,0x00000000eb980000)
  from space 11264K, 89% used [0x00000000ec580000,0x00000000ecf53890,0x00000000ed080000)
  to   space 12288K, 0% used [0x00000000eb980000,0x00000000eb980000,0x00000000ec580000)
 ParOldGen       total 59392K, used 22191K [0x00000000a8e00000, 0x00000000ac800000, 0x00000000e2f00000)
  object space 59392K, 37% used [0x00000000a8e00000,0x00000000aa3abe30,0x00000000ac800000)
 PSPermGen       total 24064K, used 23693K [0x00000000a3c00000, 0x00000000a5380000, 0x00000000a8e00000)
  object space 24064K, 98% used [0x00000000a3c00000,0x00000000a5323740,0x00000000a5380000)
}
Event: 15.126 GC heap before
{Heap before GC invocations=11 (full 0):
 PSYoungGen      total 153088K, used 151886K [0x00000000e2f00000, 0x00000000ed280000, 0x0000000100000000)
  eden space 141824K, 100% used [0x00000000e2f00000,0x00000000eb980000,0x00000000eb980000)
  from space 11264K, 89% used [0x00000000ec580000,0x00000000ecf53890,0x00000000ed080000)
  to   space 12288K, 0% used [0x00000000eb980000,0x00000000eb980000,0x00000000ec580000)
 ParOldGen       total 59392K, used 22191K [0x00000000a8e00000, 0x00000000ac800000, 0x00000000e2f00000)
  object space 59392K, 37% used [0x00000000a8e00000,0x00000000aa3abe30,0x00000000ac800000)
 PSPermGen       total 24064K, used 23769K [0x00000000a3c00000, 0x00000000a5380000, 0x00000000a8e00000)
  object space 24064K, 98% used [0x00000000a3c00000,0x00000000a5336480,0x00000000a5380000)
Event: 15.142 GC heap after
Heap after GC invocations=11 (full 0):
 PSYoungGen      total 154112K, used 6297K [0x00000000e2f00000, 0x00000000f2400000, 0x0000000100000000)
  eden space 141824K, 0% used [0x00000000e2f00000,0x00000000e2f00000,0x00000000eb980000)
  from space 12288K, 51% used [0x00000000eb980000,0x00000000ebfa6650,0x00000000ec580000)
  to   space 11776K, 0% used [0x00000000f1880000,0x00000000f1880000,0x00000000f2400000)
 ParOldGen       total 59392K, used 30293K [0x00000000a8e00000, 0x00000000ac800000, 0x00000000e2f00000)
  object space 59392K, 51% used [0x00000000a8e00000,0x00000000aab95780,0x00000000ac800000)
 PSPermGen       total 24064K, used 23769K [0x00000000a3c00000, 0x00000000a5380000, 0x00000000a8e00000)
  object space 24064K, 98% used [0x00000000a3c00000,0x00000000a5336480,0x00000000a5380000)
}
Event: 15.747 GC heap before
{Heap before GC invocations=12 (full 0):
 PSYoungGen      total 154112K, used 148121K [0x00000000e2f00000, 0x00000000f2400000, 0x0000000100000000)
  eden space 141824K, 100% used [0x00000000e2f00000,0x00000000eb980000,0x00000000eb980000)
  from space 12288K, 51% used [0x00000000eb980000,0x00000000ebfa6650,0x00000000ec580000)
  to   space 11776K, 0% used [0x00000000f1880000,0x00000000f1880000,0x00000000f2400000)
 ParOldGen       total 59392K, used 30293K [0x00000000a8e00000, 0x00000000ac800000, 0x00000000e2f00000)
  object space 59392K, 51% used [0x00000000a8e00000,0x00000000aab95780,0x00000000ac800000)
 PSPermGen       total 24064K, used 23815K [0x00000000a3c00000, 0x00000000a5380000, 0x00000000a8e00000)
  object space 24064K, 98% used [0x00000000a3c00000,0x00000000a5341d30,0x00000000a5380000)
Event: 15.762 GC heap after
Heap after GC invocations=12 (full 0):
 PSYoungGen      total 239104K, used 7839K [0x00000000e2f00000, 0x00000000f2400000, 0x0000000100000000)
  eden space 227328K, 0% used [0x00000000e2f00000,0x00000000e2f00000,0x00000000f0d00000)
  from space 11776K, 66% used [0x00000000f1880000,0x00000000f2027c38,0x00000000f2400000)
  to   space 11776K, 0% used [0x00000000f0d00000,0x00000000f0d00000,0x00000000f1880000)
 ParOldGen       total 59392K, used 37065K [0x00000000a8e00000, 0x00000000ac800000, 0x00000000e2f00000)
  object space 59392K, 62% used [0x00000000a8e00000,0x00000000ab232708,0x00000000ac800000)
 PSPermGen       total 24064K, used 23815K [0x00000000a3c00000, 0x00000000a5380000, 0x00000000a8e00000)
  object space 24064K, 98% used [0x00000000a3c00000,0x00000000a5341d30,0x00000000a5380000)
}
Event: 16.300 GC heap before
{Heap before GC invocations=13 (full 0):
 PSYoungGen      total 239104K, used 235167K [0x00000000e2f00000, 0x00000000f2400000, 0x0000000100000000)
  eden space 227328K, 100% used [0x00000000e2f00000,0x00000000f0d00000,0x00000000f0d00000)
  from space 11776K, 66% used [0x00000000f1880000,0x00000000f2027c38,0x00000000f2400000)
  to   space 11776K, 0% used [0x00000000f0d00000,0x00000000f0d00000,0x00000000f1880000)
 ParOldGen       total 59392K, used 37065K [0x00000000a8e00000, 0x00000000ac800000, 0x00000000e2f00000)
  object space 59392K, 62% used [0x00000000a8e00000,0x00000000ab232708,0x00000000ac800000)
 PSPermGen       total 24064K, used 23850K [0x00000000a3c00000, 0x00000000a5380000, 0x00000000a8e00000)
  object space 24064K, 99% used [0x00000000a3c00000,0x00000000a534aa30,0x00000000a5380000)
Event: 16.312 GC heap after
Heap after GC invocations=13 (full 0):
 PSYoungGen      total 239104K, used 256K [0x00000000e2f00000, 0x00000000faa80000, 0x0000000100000000)
  eden space 227328K, 0% used [0x00000000e2f00000,0x00000000e2f00000,0x00000000f0d00000)
  from space 11776K, 2% used [0x00000000f0d00000,0x00000000f0d40000,0x00000000f1880000)
  to   space 12288K, 0% used [0x00000000f9e80000,0x00000000f9e80000,0x00000000faa80000)
 ParOldGen       total 59392K, used 45384K [0x00000000a8e00000, 0x00000000ac800000, 0x00000000e2f00000)
  object space 59392K, 76% used [0x00000000a8e00000,0x00000000aba523c0,0x00000000ac800000)
 PSPermGen       total 24064K, used 23850K [0x00000000a3c00000, 0x00000000a5380000, 0x00000000a8e00000)
  object space 24064K, 99% used [0x00000000a3c00000,0x00000000a534aa30,0x00000000a5380000)
}

